\BOOKMARK [0][-]{section*.1}{Spis tresci}{}% 1
\BOOKMARK [0][-]{chapter.1}{Wstep}{}% 2
\BOOKMARK [1][-]{section.1.1}{Wprowadzenie}{chapter.1}% 3
\BOOKMARK [1][-]{section.1.2}{Motywacja}{chapter.1}% 4
\BOOKMARK [1][-]{section.1.3}{Wytwarzanie mowy}{chapter.1}% 5
\BOOKMARK [1][-]{section.1.4}{Sygna\233 mowy}{chapter.1}% 6
\BOOKMARK [1][-]{section.1.5}{Model uk\233adu s\233uchowego}{chapter.1}% 7
\BOOKMARK [1][-]{section.1.6}{Cel i za\233ozenia pracy}{chapter.1}% 8
\BOOKMARK [0][-]{chapter.2}{Podstawy teoretyczne}{}% 9
\BOOKMARK [1][-]{section.2.1}{Klasyfikacja r\363znych system\363w rozpoznawania mowy}{chapter.2}% 10
\BOOKMARK [1][-]{section.2.2}{Model akustyczny}{chapter.2}% 11
\BOOKMARK [1][-]{section.2.3}{Model jezyka}{chapter.2}% 12
\BOOKMARK [1][-]{section.2.4}{Schemat przetwarzania}{chapter.2}% 13
\BOOKMARK [1][-]{section.2.5}{Przeglad istniejacych rozwiazan}{chapter.2}% 14
\BOOKMARK [1][-]{section.2.6}{Wyb\363r technologii}{chapter.2}% 15
\BOOKMARK [0][-]{chapter.3}{Projektowanie i tworzenie systemu}{}% 16
\BOOKMARK [0][-]{chapter.4}{Testowanie i eksperymenty}{}% 17
\BOOKMARK [0][-]{chapter.5}{Zakonczenie}{}% 18
\BOOKMARK [0][-]{section*.3}{Bibliografia}{}% 19
\BOOKMARK [0][-]{appendix.A}{Spis zawartosci za\233aczonej p\233yty}{}% 20
\BOOKMARK [0][-]{appendix*.4}{Spis skr\363t\363w}{}% 21
\BOOKMARK [0][-]{appendix*.5}{Spis symboli}{}% 22
\BOOKMARK [0][-]{section*.6}{Spis rysunk\363w}{}% 23
\BOOKMARK [0][-]{section*.7}{Spis tabel}{}% 24
